0 info it worked if it ends with ok
1 verbose cli [ '/usr/local/bin/node', '/usr/local/bin/npm', 'run', 'start' ]
2 info using npm@3.10.10
3 info using node@v6.10.3
4 verbose run-script [ 'prestart', 'start', 'poststart' ]
5 info lifecycle @buildit/storybook-addon-versions@0.0.1~prestart: @buildit/storybook-addon-versions@0.0.1
6 silly lifecycle @buildit/storybook-addon-versions@0.0.1~prestart: no script for prestart, continuing
7 info lifecycle @buildit/storybook-addon-versions@0.0.1~start: @buildit/storybook-addon-versions@0.0.1
8 verbose lifecycle @buildit/storybook-addon-versions@0.0.1~start: unsafe-perm in lifecycle true
9 verbose lifecycle @buildit/storybook-addon-versions@0.0.1~start: PATH: /usr/local/lib/node_modules/npm/bin/node-gyp-bin:/Users/panos/git/buildit/storybook-addon-versions/node_modules/.bin:/Users/panos/.rvm/gems/jruby-1.7.16.1/bin:/Users/panos/.rvm/gems/jruby-1.7.16.1@global/bin:/Users/panos/.rvm/rubies/jruby-1.7.16.1/bin:./:/usr/local/bin/npm:/usr/local/bin:/Users/panos/.node/bin:/usr/local/bin:/usr/bin:/bin:/usr/sbin:/sbin:/opt/X11/bin:/Users/panos/.rvm/bin
10 verbose lifecycle @buildit/storybook-addon-versions@0.0.1~start: CWD: /Users/panos/git/buildit/storybook-addon-versions
11 silly lifecycle @buildit/storybook-addon-versions@0.0.1~start: Args: [ '-c', 'npm run storybook' ]
12 silly lifecycle @buildit/storybook-addon-versions@0.0.1~start: Returned: code: 1  signal: null
13 info lifecycle @buildit/storybook-addon-versions@0.0.1~start: Failed to exec start script
14 verbose stack Error: @buildit/storybook-addon-versions@0.0.1 start: `npm run storybook`
14 verbose stack Exit status 1
14 verbose stack     at EventEmitter.<anonymous> (/usr/local/lib/node_modules/npm/lib/utils/lifecycle.js:255:16)
14 verbose stack     at emitTwo (events.js:106:13)
14 verbose stack     at EventEmitter.emit (events.js:191:7)
14 verbose stack     at ChildProcess.<anonymous> (/usr/local/lib/node_modules/npm/lib/utils/spawn.js:40:14)
14 verbose stack     at emitTwo (events.js:106:13)
14 verbose stack     at ChildProcess.emit (events.js:191:7)
14 verbose stack     at maybeClose (internal/child_process.js:886:16)
14 verbose stack     at Process.ChildProcess._handle.onexit (internal/child_process.js:226:5)
15 verbose pkgid @buildit/storybook-addon-versions@0.0.1
16 verbose cwd /Users/panos/git/buildit/storybook-addon-versions
17 error Darwin 16.6.0
18 error argv "/usr/local/bin/node" "/usr/local/bin/npm" "run" "start"
19 error node v6.10.3
20 error npm  v3.10.10
21 error code ELIFECYCLE
22 error @buildit/storybook-addon-versions@0.0.1 start: `npm run storybook`
22 error Exit status 1
23 error Failed at the @buildit/storybook-addon-versions@0.0.1 start script 'npm run storybook'.
23 error Make sure you have the latest version of node.js and npm installed.
23 error If you do, this is most likely a problem with the @buildit/storybook-addon-versions package,
23 error not with npm itself.
23 error Tell the author that this fails on your system:
23 error     npm run storybook
23 error You can get information on how to open an issue for this project with:
23 error     npm bugs @buildit/storybook-addon-versions
23 error Or if that isn't available, you can get their info via:
23 error     npm owner ls @buildit/storybook-addon-versions
23 error There is likely additional logging output above.
24 verbose exit [ 1, true ]
